android/app/build/intermediates/manifest_merge_blame_file/debug/processDebugMainManifest/manifest-merger-blame-debug-report.txt
1<?xml version="1.0" encoding="utf-8"?>
2<manifest xmlns:android="http://schemas.android.com/apk/res/android"
3    package="com.micky.phone"
4    android:versionCode="1"
5    android:versionName="1.0" >
6
7    <uses-sdk
8        android:minSdkVersion="24"
9        android:targetSdkVersion="34" />
10
11    <uses-permission android:name="android.permission.RECORD_AUDIO" />
11-->src\main\AndroidManifest.xml:4:5-71
11-->src\main\AndroidManifest.xml:4:22-68
12    <uses-permission android:name="android.permission.INTERNET" />
12-->src\main\AndroidManifest.xml:5:5-67
12-->src\main\AndroidManifest.xml:5:22-64
13    <uses-permission android:name="android.permission.ACCESS_NETWORK_STATE" />
13-->src\main\AndroidManifest.xml:6:5-79
13-->src\main\AndroidManifest.xml:6:22-76
14    <uses-permission android:name="android.permission.ACCESS_WIFI_STATE" />
14-->src\main\AndroidManifest.xml:7:5-76
14-->src\main\AndroidManifest.xml:7:22-73
15    <uses-permission android:name="android.permission.FOREGROUND_SERVICE" />
15-->src\main\AndroidManifest.xml:8:5-77
15-->src\main\AndroidManifest.xml:8:22-74
16    <uses-permission android:name="android.permission.FOREGROUND_SERVICE_MICROPHONE" />
16-->src\main\AndroidManifest.xml:9:5-88
16-->src\main\AndroidManifest.xml:9:22-85
17    <uses-permission android:name="android.permission.FOREGROUND_SERVICE_CONNECTED_DEVICE" />
17-->src\main\AndroidManifest.xml:10:5-94
17-->src\main\AndroidManifest.xml:10:22-91
18    <uses-permission android:name="android.permission.POST_NOTIFICATIONS" />
18-->src\main\AndroidManifest.xml:11:5-77
18-->src\main\AndroidManifest.xml:11:22-74
19    <uses-permission android:name="android.permission.CAMERA" />
19-->src\main\AndroidManifest.xml:12:5-65
19-->src\main\AndroidManifest.xml:12:22-62
20    <uses-permission android:name="android.permission.WAKE_LOCK" />
20-->src\main\AndroidManifest.xml:13:5-68
20-->src\main\AndroidManifest.xml:13:22-65
21
22    <!-- Bluetooth (Android 12+) -->
23    <uses-permission android:name="android.permission.BLUETOOTH_CONNECT" />
23-->src\main\AndroidManifest.xml:16:5-76
23-->src\main\AndroidManifest.xml:16:22-73
24    <uses-permission
24-->src\main\AndroidManifest.xml:17:5-120
25        android:name="android.permission.BLUETOOTH_SCAN"
25-->src\main\AndroidManifest.xml:17:22-70
26        android:usesPermissionFlags="neverForLocation" />
26-->src\main\AndroidManifest.xml:17:71-117
27    <uses-permission android:name="android.permission.BLUETOOTH_ADVERTISE" />
27-->src\main\AndroidManifest.xml:18:5-78
27-->src\main\AndroidManifest.xml:18:22-75
28    <!-- Legacy for Android 11 and below -->
29    <uses-permission
29-->src\main\AndroidManifest.xml:20:5-95
30        android:name="android.permission.BLUETOOTH"
30-->src\main\AndroidManifest.xml:20:22-65
31        android:maxSdkVersion="30" />
31-->src\main\AndroidManifest.xml:20:66-92
32    <uses-permission
32-->src\main\AndroidManifest.xml:21:5-101
33        android:name="android.permission.BLUETOOTH_ADMIN"
33-->src\main\AndroidManifest.xml:21:22-71
34        android:maxSdkVersion="30" />
34-->src\main\AndroidManifest.xml:21:72-98
35
36    <uses-feature
36-->src\main\AndroidManifest.xml:23:5-25:35
37        android:name="android.hardware.microphone"
37-->src\main\AndroidManifest.xml:24:9-51
38        android:required="true" />
38-->src\main\AndroidManifest.xml:25:9-32
39    <uses-feature
39-->src\main\AndroidManifest.xml:26:5-28:36
40        android:name="android.hardware.camera"
40-->src\main\AndroidManifest.xml:27:9-47
41        android:required="false" />
41-->src\main\AndroidManifest.xml:28:9-33
42
43    <permission
43-->[androidx.core:core:1.13.1] AndroidManifest.xml:22:5-24:47
44        android:name="com.micky.phone.DYNAMIC_RECEIVER_NOT_EXPORTED_PERMISSION"
44-->[androidx.core:core:1.13.1] AndroidManifest.xml:23:9-81
45        android:protectionLevel="signature" />
45-->[androidx.core:core:1.13.1] AndroidManifest.xml:24:9-44
46
47    <uses-permission android:name="com.micky.phone.DYNAMIC_RECEIVER_NOT_EXPORTED_PERMISSION" />
47-->[androidx.core:core:1.13.1] AndroidManifest.xml:26:5-97
47-->[androidx.core:core:1.13.1] AndroidManifest.xml:26:22-94
48
49    <uses-feature
49-->[com.journeyapps:zxing-android-embedded:4.3.0] AndroidManifest.xml:28:5-30:36
50        android:name="android.hardware.camera.front"
50-->[com.journeyapps:zxing-android-embedded:4.3.0] AndroidManifest.xml:29:9-53
51        android:required="false" /> <!-- TODO replace above two with next line after Android 4.2 -->
51-->[com.journeyapps:zxing-android-embedded:4.3.0] AndroidManifest.xml:30:9-33
52    <!-- <uses-feature android:name="android.hardware.camera.any"/> -->
53    <uses-feature
53-->[com.journeyapps:zxing-android-embedded:4.3.0] AndroidManifest.xml:33:5-35:36
54        android:name="android.hardware.camera.autofocus"
54-->[com.journeyapps:zxing-android-embedded:4.3.0] AndroidManifest.xml:34:9-57
55        android:required="false" />
55-->[com.journeyapps:zxing-android-embedded:4.3.0] AndroidManifest.xml:35:9-33
56    <uses-feature
56-->[com.journeyapps:zxing-android-embedded:4.3.0] AndroidManifest.xml:36:5-38:36
57        android:name="android.hardware.camera.flash"
57-->[com.journeyapps:zxing-android-embedded:4.3.0] AndroidManifest.xml:37:9-53
58        android:required="false" />
58-->[com.journeyapps:zxing-android-embedded:4.3.0] AndroidManifest.xml:38:9-33
59    <uses-feature
59-->[com.journeyapps:zxing-android-embedded:4.3.0] AndroidManifest.xml:39:5-41:36
60        android:name="android.hardware.screen.landscape"
60-->[com.journeyapps:zxing-android-embedded:4.3.0] AndroidManifest.xml:40:9-57
61        android:required="false" />
61-->[com.journeyapps:zxing-android-embedded:4.3.0] AndroidManifest.xml:41:9-33
62    <uses-feature
62-->[com.journeyapps:zxing-android-embedded:4.3.0] AndroidManifest.xml:42:5-44:36
63        android:name="android.hardware.wifi"
63-->[com.journeyapps:zxing-android-embedded:4.3.0] AndroidManifest.xml:43:9-45
64        android:required="false" />
64-->[com.journeyapps:zxing-android-embedded:4.3.0] AndroidManifest.xml:44:9-33
65
66    <application
66-->src\main\AndroidManifest.xml:30:5-85:19
67        android:name="com.micky.phone.MickyApp"
67-->src\main\AndroidManifest.xml:31:9-33
68        android:allowBackup="false"
68-->src\main\AndroidManifest.xml:32:9-36
69        android:appComponentFactory="androidx.core.app.CoreComponentFactory"
69-->[androidx.core:core:1.13.1] AndroidManifest.xml:28:18-86
70        android:dataExtractionRules="@xml/data_extraction_rules"
70-->src\main\AndroidManifest.xml:33:9-65
71        android:debuggable="true"
72        android:extractNativeLibs="false"
73        android:fullBackupContent="false"
73-->src\main\AndroidManifest.xml:34:9-42
74        android:icon="@mipmap/ic_launcher"
74-->src\main\AndroidManifest.xml:35:9-43
75        android:label="@string/app_name"
75-->src\main\AndroidManifest.xml:36:9-41
76        android:roundIcon="@mipmap/ic_launcher_round"
76-->src\main\AndroidManifest.xml:37:9-54
77        android:supportsRtl="true"
77-->src\main\AndroidManifest.xml:38:9-35
78        android:theme="@style/Theme.Micky"
78-->src\main\AndroidManifest.xml:39:9-43
79        android:usesCleartextTraffic="true" >
79-->src\main\AndroidManifest.xml:40:9-44
80        <activity
80-->src\main\AndroidManifest.xml:42:9-57:20
81            android:name="com.micky.phone.MainActivity"
81-->src\main\AndroidManifest.xml:43:13-41
82            android:configChanges="orientation|screenSize|keyboardHidden"
82-->src\main\AndroidManifest.xml:46:13-74
83            android:exported="true"
83-->src\main\AndroidManifest.xml:44:13-36
84            android:screenOrientation="portrait" >
84-->src\main\AndroidManifest.xml:45:13-49
85            <intent-filter>
85-->src\main\AndroidManifest.xml:47:13-50:29
86                <action android:name="android.intent.action.MAIN" />
86-->src\main\AndroidManifest.xml:48:17-69
86-->src\main\AndroidManifest.xml:48:25-66
87
88                <category android:name="android.intent.category.LAUNCHER" />
88-->src\main\AndroidManifest.xml:49:17-77
88-->src\main\AndroidManifest.xml:49:27-74
89            </intent-filter>
90            <intent-filter>
90-->src\main\AndroidManifest.xml:51:13-56:29
91                <action android:name="android.intent.action.VIEW" />
91-->src\main\AndroidManifest.xml:52:17-69
91-->src\main\AndroidManifest.xml:52:25-66
92
93                <category android:name="android.intent.category.DEFAULT" />
93-->src\main\AndroidManifest.xml:53:17-76
93-->src\main\AndroidManifest.xml:53:27-73
94                <category android:name="android.intent.category.BROWSABLE" />
94-->src\main\AndroidManifest.xml:54:17-78
94-->src\main\AndroidManifest.xml:54:27-75
95
96                <data android:scheme="micky" />
96-->src\main\AndroidManifest.xml:55:17-48
96-->src\main\AndroidManifest.xml:55:23-45
97            </intent-filter>
98        </activity>
99
100        <service
100-->src\main\AndroidManifest.xml:59:9-63:58
101            android:name="com.micky.phone.MicStreamService"
101-->src\main\AndroidManifest.xml:60:13-45
102            android:enabled="true"
102-->src\main\AndroidManifest.xml:61:13-35
103            android:exported="false"
103-->src\main\AndroidManifest.xml:62:13-37
104            android:foregroundServiceType="microphone" />
104-->src\main\AndroidManifest.xml:63:13-55
105        <service
105-->src\main\AndroidManifest.xml:65:9-69:74
106            android:name="com.micky.phone.BluetoothMicService"
106-->src\main\AndroidManifest.xml:66:13-48
107            android:enabled="true"
107-->src\main\AndroidManifest.xml:67:13-35
108            android:exported="false"
108-->src\main\AndroidManifest.xml:68:13-37
109            android:foregroundServiceType="microphone|connectedDevice" />
109-->src\main\AndroidManifest.xml:69:13-71
110
111        <activity
111-->src\main\AndroidManifest.xml:71:9-77:40
112            android:name="com.micky.phone.CaptureActivityPortrait"
112-->src\main\AndroidManifest.xml:72:13-52
113            android:exported="false"
113-->src\main\AndroidManifest.xml:77:13-37
114            android:screenOrientation="portrait"
114-->src\main\AndroidManifest.xml:73:13-49
115            android:stateNotNeeded="true"
115-->src\main\AndroidManifest.xml:74:13-42
116            android:theme="@style/zxing_CaptureTheme"
116-->src\main\AndroidManifest.xml:75:13-54
117            android:windowSoftInputMode="stateAlwaysHidden" />
117-->src\main\AndroidManifest.xml:76:13-60
118        <activity
118-->src\main\AndroidManifest.xml:79:9-84:77
119            android:name="com.micky.phone.QrScanActivity"
119-->src\main\AndroidManifest.xml:80:13-43
120            android:configChanges="orientation|screenSize|keyboardHidden"
120-->src\main\AndroidManifest.xml:84:13-74
121            android:exported="false"
121-->src\main\AndroidManifest.xml:82:13-37
122            android:screenOrientation="portrait"
122-->src\main\AndroidManifest.xml:81:13-49
123            android:theme="@style/Theme.Micky" />
123-->src\main\AndroidManifest.xml:83:13-47
124
125        <provider
125-->[androidx.emoji2:emoji2:1.3.0] AndroidManifest.xml:24:9-32:20
126            android:name="androidx.startup.InitializationProvider"
126-->[androidx.emoji2:emoji2:1.3.0] AndroidManifest.xml:25:13-67
127            android:authorities="com.micky.phone.androidx-startup"
127-->[androidx.emoji2:emoji2:1.3.0] AndroidManifest.xml:26:13-68
128            android:exported="false" >
128-->[androidx.emoji2:emoji2:1.3.0] AndroidManifest.xml:27:13-37
129            <meta-data
129-->[androidx.emoji2:emoji2:1.3.0] AndroidManifest.xml:29:13-31:52
130                android:name="androidx.emoji2.text.EmojiCompatInitializer"
130-->[androidx.emoji2:emoji2:1.3.0] AndroidManifest.xml:30:17-75
131                android:value="androidx.startup" />
131-->[androidx.emoji2:emoji2:1.3.0] AndroidManifest.xml:31:17-49
132            <meta-data
132-->[androidx.lifecycle:lifecycle-process:2.8.4] AndroidManifest.xml:29:13-31:52
133                android:name="androidx.lifecycle.ProcessLifecycleInitializer"
133-->[androidx.lifecycle:lifecycle-process:2.8.4] AndroidManifest.xml:30:17-78
134                android:value="androidx.startup" />
134-->[androidx.lifecycle:lifecycle-process:2.8.4] AndroidManifest.xml:31:17-49
135            <meta-data
135-->[androidx.profileinstaller:profileinstaller:1.3.1] AndroidManifest.xml:29:13-31:52
136                android:name="androidx.profileinstaller.ProfileInstallerInitializer"
136-->[androidx.profileinstaller:profileinstaller:1.3.1] AndroidManifest.xml:30:17-85
137                android:value="androidx.startup" />
137-->[androidx.profileinstaller:profileinstaller:1.3.1] AndroidManifest.xml:31:17-49
138        </provider>
139
140        <receiver
140-->[androidx.profileinstaller:profileinstaller:1.3.1] AndroidManifest.xml:34:9-52:20
141            android:name="androidx.profileinstaller.ProfileInstallReceiver"
141-->[androidx.profileinstaller:profileinstaller:1.3.1] AndroidManifest.xml:35:13-76
142            android:directBootAware="false"
142-->[androidx.profileinstaller:profileinstaller:1.3.1] AndroidManifest.xml:36:13-44
143            android:enabled="true"
143-->[androidx.profileinstaller:profileinstaller:1.3.1] AndroidManifest.xml:37:13-35
144            android:exported="true"
144-->[androidx.profileinstaller:profileinstaller:1.3.1] AndroidManifest.xml:38:13-36
145            android:permission="android.permission.DUMP" >
145-->[androidx.profileinstaller:profileinstaller:1.3.1] AndroidManifest.xml:39:13-57
146            <intent-filter>
146-->[androidx.profileinstaller:profileinstaller:1.3.1] AndroidManifest.xml:40:13-42:29
147                <action android:name="androidx.profileinstaller.action.INSTALL_PROFILE" />
147-->[androidx.profileinstaller:profileinstaller:1.3.1] AndroidManifest.xml:41:17-91
147-->[androidx.profileinstaller:profileinstaller:1.3.1] AndroidManifest.xml:41:25-88
148            </intent-filter>
149            <intent-filter>
149-->[androidx.profileinstaller:profileinstaller:1.3.1] AndroidManifest.xml:43:13-45:29
150                <action android:name="androidx.profileinstaller.action.SKIP_FILE" />
150-->[androidx.profileinstaller:profileinstaller:1.3.1] AndroidManifest.xml:44:17-85
150-->[androidx.profileinstaller:profileinstaller:1.3.1] AndroidManifest.xml:44:25-82
151            </intent-filter>
152            <intent-filter>
152-->[androidx.profileinstaller:profileinstaller:1.3.1] AndroidManifest.xml:46:13-48:29
153                <action android:name="androidx.profileinstaller.action.SAVE_PROFILE" />
153-->[androidx.profileinstaller:profileinstaller:1.3.1] AndroidManifest.xml:47:17-88
153-->[androidx.profileinstaller:profileinstaller:1.3.1] AndroidManifest.xml:47:25-85
154            </intent-filter>
155            <intent-filter>
155-->[androidx.profileinstaller:profileinstaller:1.3.1] AndroidManifest.xml:49:13-51:29
156                <action android:name="androidx.profileinstaller.action.BENCHMARK_OPERATION" />
156-->[androidx.profileinstaller:profileinstaller:1.3.1] AndroidManifest.xml:50:17-95
156-->[androidx.profileinstaller:profileinstaller:1.3.1] AndroidManifest.xml:50:25-92
157            </intent-filter>
158        </receiver>
159
160        <activity
160-->[com.journeyapps:zxing-android-embedded:4.3.0] AndroidManifest.xml:47:9-53:63
161            android:name="com.journeyapps.barcodescanner.CaptureActivity"
161-->[com.journeyapps:zxing-android-embedded:4.3.0] AndroidManifest.xml:48:13-74
162            android:clearTaskOnLaunch="true"
162-->[com.journeyapps:zxing-android-embedded:4.3.0] AndroidManifest.xml:49:13-45
163            android:screenOrientation="sensorLandscape"
163-->[com.journeyapps:zxing-android-embedded:4.3.0] AndroidManifest.xml:50:13-56
164            android:stateNotNeeded="true"
164-->[com.journeyapps:zxing-android-embedded:4.3.0] AndroidManifest.xml:51:13-42
165            android:theme="@style/zxing_CaptureTheme"
165-->[com.journeyapps:zxing-android-embedded:4.3.0] AndroidManifest.xml:52:13-54
166            android:windowSoftInputMode="stateAlwaysHidden" />
166-->[com.journeyapps:zxing-android-embedded:4.3.0] AndroidManifest.xml:53:13-60
167    </application>
168
169</manifest>